TN:
SF:server.js
FN:28,(anonymous_0)
FN:36,(anonymous_1)
FNF:2
FNH:0
FNDA:0,(anonymous_0)
FNDA:0,(anonymous_1)
DA:12,1
DA:13,1
DA:19,1
DA:20,1
DA:23,1
DA:24,1
DA:25,1
DA:26,1
DA:28,1
DA:29,0
DA:33,1
DA:34,0
DA:35,0
DA:36,0
LF:14
LH:10
BRDA:13,0,0,1
BRDA:13,0,1,1
BRDA:33,1,0,0
BRDA:33,1,1,1
BRF:4
BRH:3
end_of_record
TN:
SF:config\cloudinary.js
FN:3,(anonymous_0)
FNF:1
FNH:0
FNDA:0,(anonymous_0)
DA:3,1
DA:5,0
LF:2
LH:1
BRF:0
BRH:0
end_of_record
TN:
SF:config\mongodb.js
FN:3,(anonymous_0)
FN:5,(anonymous_1)
FNF:2
FNH:0
FNDA:0,(anonymous_0)
FNDA:0,(anonymous_1)
DA:3,1
DA:5,0
DA:6,0
DA:10,0
LF:4
LH:1
BRF:0
BRH:0
end_of_record
TN:
SF:controllers\cartController.js
FN:5,(anonymous_0)
FN:36,(anonymous_1)
FN:57,(anonymous_2)
FNF:3
FNH:0
FNDA:0,(anonymous_0)
FNDA:0,(anonymous_1)
FNDA:0,(anonymous_2)
DA:5,1
DA:6,0
DA:7,0
DA:9,0
DA:10,0
DA:12,0
DA:13,0
DA:14,0
DA:17,0
DA:20,0
DA:21,0
DA:24,0
DA:26,0
DA:29,0
DA:30,0
DA:36,1
DA:37,0
DA:38,0
DA:40,0
DA:41,0
DA:43,0
DA:45,0
DA:46,0
DA:50,0
DA:51,0
DA:57,1
DA:59,0
DA:61,0
DA:63,0
DA:64,0
DA:66,0
DA:70,0
DA:71,0
LF:33
LH:3
BRDA:12,0,0,0
BRDA:12,0,1,0
BRDA:13,1,0,0
BRDA:13,1,1,0
BRF:4
BRH:0
end_of_record
TN:
SF:controllers\orderController.js
FN:14,(anonymous_0)
FN:45,(anonymous_1)
FN:64,(anonymous_2)
FN:102,(anonymous_3)
FN:122,(anonymous_4)
FN:137,(anonymous_5)
FN:152,(anonymous_6)
FNF:7
FNH:0
FNDA:0,(anonymous_0)
FNDA:0,(anonymous_1)
FNDA:0,(anonymous_2)
FNDA:0,(anonymous_3)
FNDA:0,(anonymous_4)
FNDA:0,(anonymous_5)
FNDA:0,(anonymous_6)
DA:6,1
DA:7,1
DA:10,1
DA:14,1
DA:15,0
DA:17,0
DA:19,0
DA:29,0
DA:30,0
DA:32,0
DA:34,0
DA:37,0
DA:38,0
DA:45,1
DA:46,0
DA:48,0
DA:49,0
DA:51,0
DA:61,0
DA:62,0
DA:64,0
DA:75,0
DA:86,0
DA:93,0
DA:96,0
DA:97,0
DA:102,1
DA:104,0
DA:106,0
DA:107,0
DA:108,0
DA:109,0
DA:110,0
DA:112,0
DA:113,0
DA:116,0
DA:117,0
DA:122,1
DA:124,0
DA:126,0
DA:127,0
DA:130,0
DA:131,0
DA:137,1
DA:138,0
DA:140,0
DA:142,0
DA:143,0
DA:146,0
DA:147,0
DA:152,1
DA:153,0
DA:155,0
DA:157,0
DA:158,0
DA:161,0
DA:162,0
LF:57
LH:9
BRDA:107,0,0,0
BRDA:107,0,1,0
BRF:2
BRH:0
end_of_record
TN:
SF:controllers\productController.js
FN:6,(anonymous_0)
FN:16,(anonymous_1)
FN:24,(anonymous_2)
FN:61,(anonymous_3)
FN:77,(anonymous_4)
FN:94,(anonymous_5)
FNF:6
FNH:0
FNDA:0,(anonymous_0)
FNDA:0,(anonymous_1)
FNDA:0,(anonymous_2)
FNDA:0,(anonymous_3)
FNDA:0,(anonymous_4)
FNDA:0,(anonymous_5)
DA:6,1
DA:7,0
DA:9,0
DA:11,0
DA:12,0
DA:13,0
DA:14,0
DA:16,0
DA:18,0
DA:20,0
DA:21,0
DA:23,0
DA:25,0
DA:26,0
DA:30,0
DA:42,0
DA:44,0
DA:45,0
DA:48,0
DA:52,0
DA:53,0
DA:61,1
DA:63,0
DA:65,0
DA:66,0
DA:69,0
DA:70,0
DA:77,1
DA:79,0
DA:81,0
DA:82,0
DA:85,0
DA:86,0
DA:94,1
DA:96,0
DA:98,0
DA:99,0
DA:100,0
DA:103,0
DA:104,0
LF:40
LH:4
BRDA:11,0,0,0
BRDA:11,0,1,0
BRDA:12,1,0,0
BRDA:12,1,1,0
BRDA:13,2,0,0
BRDA:13,2,1,0
BRDA:14,3,0,0
BRDA:14,3,1,0
BRDA:20,4,0,0
BRDA:20,4,1,0
BRDA:20,5,0,0
BRDA:20,5,1,0
BRDA:20,5,2,0
BRDA:36,6,0,0
BRDA:36,6,1,0
BRF:15
BRH:0
end_of_record
TN:
SF:controllers\userController.js
FN:115,(anonymous_0)
FN:119,(anonymous_1)
FN:143,(anonymous_2)
FN:198,(anonymous_3)
FNF:4
FNH:3
FNDA:3,(anonymous_0)
FNDA:3,(anonymous_1)
FNDA:3,(anonymous_2)
FNDA:0,(anonymous_3)
DA:115,1
DA:116,3
DA:119,1
DA:120,3
DA:121,3
DA:123,3
DA:125,3
DA:126,1
DA:129,2
DA:131,2
DA:132,1
DA:133,1
DA:135,1
DA:138,0
DA:139,0
DA:143,1
DA:144,3
DA:145,3
DA:147,3
DA:148,3
DA:149,1
DA:152,2
DA:153,0
DA:155,2
DA:156,0
DA:159,2
DA:160,2
DA:161,2
DA:162,2
DA:168,2
DA:169,2
DA:171,2
DA:173,0
DA:174,0
DA:198,1
DA:199,0
DA:200,0
DA:202,0
DA:204,0
DA:213,0
DA:215,0
DA:219,0
DA:220,0
LF:43
LH:29
BRDA:125,0,0,1
BRDA:125,0,1,2
BRDA:131,1,0,1
BRDA:131,1,1,1
BRDA:148,2,0,1
BRDA:148,2,1,2
BRDA:152,3,0,0
BRDA:152,3,1,2
BRDA:155,4,0,0
BRDA:155,4,1,2
BRDA:202,5,0,0
BRDA:202,5,1,0
BRDA:202,6,0,0
BRDA:202,6,1,0
BRF:14
BRH:8
end_of_record
TN:
SF:middleware\adminAuth.js
FN:24,(anonymous_0)
FNF:1
FNH:0
FNDA:0,(anonymous_0)
DA:24,1
DA:25,0
DA:26,0
DA:27,0
DA:28,0
DA:31,0
DA:34,0
DA:35,0
DA:38,0
DA:40,0
DA:41,0
LF:11
LH:1
BRDA:27,0,0,0
BRDA:27,0,1,0
BRDA:34,1,0,0
BRDA:34,1,1,0
BRDA:34,2,0,0
BRDA:34,2,1,0
BRF:6
BRH:0
end_of_record
TN:
SF:middleware\auth.js
FN:3,(anonymous_0)
FNF:1
FNH:0
FNDA:0,(anonymous_0)
DA:3,1
DA:5,0
DA:7,0
DA:8,0
DA:11,0
DA:13,0
DA:14,0
DA:15,0
DA:18,0
DA:19,0
LF:10
LH:1
BRDA:7,0,0,0
BRDA:7,0,1,0
BRF:2
BRH:0
end_of_record
TN:
SF:middleware\multer.js
FN:4,(anonymous_0)
FNF:1
FNH:0
FNDA:0,(anonymous_0)
DA:3,1
DA:5,0
DA:9,1
LF:3
LH:2
BRF:0
BRH:0
end_of_record
TN:
SF:models\orderModel.js
FNF:0
FNH:0
DA:3,1
DA:14,1
LF:2
LH:2
BRDA:14,0,0,1
BRDA:14,0,1,1
BRF:2
BRH:2
end_of_record
TN:
SF:models\productModel.js
FNF:0
FNH:0
DA:3,1
DA:15,1
LF:2
LH:2
BRDA:15,0,0,1
BRDA:15,0,1,1
BRF:2
BRH:2
end_of_record
TN:
SF:models\userModel.js
FNF:0
FNH:0
DA:3,1
DA:10,1
LF:2
LH:2
BRDA:10,0,0,1
BRDA:10,0,1,1
BRF:2
BRH:2
end_of_record
TN:
SF:routes\cartRoute.js
FNF:0
FNH:0
DA:5,1
DA:7,1
DA:8,1
DA:9,1
LF:4
LH:4
BRF:0
BRH:0
end_of_record
TN:
SF:routes\orderRoute.js
FNF:0
FNH:0
DA:6,1
DA:9,1
DA:10,1
DA:13,1
DA:14,1
DA:17,1
DA:20,1
LF:7
LH:7
BRF:0
BRH:0
end_of_record
TN:
SF:routes\productRoute.js
FNF:0
FNH:0
DA:6,1
DA:8,1
DA:9,1
DA:10,1
DA:11,1
LF:5
LH:5
BRF:0
BRH:0
end_of_record
TN:
SF:routes\userRoute.js
FNF:0
FNH:0
DA:4,1
DA:6,1
DA:7,1
DA:8,1
LF:4
LH:4
BRF:0
BRH:0
end_of_record
TN:
SF:utils\orderCalculator.js
FN:42,calculateOrderTotal
FNF:1
FNH:1
FNDA:6,calculateOrderTotal
DA:44,6
DA:45,1
DA:48,5
DA:49,5
DA:50,5
DA:53,5
DA:54,2
DA:55,2
DA:58,5
LF:9
LH:9
BRDA:44,0,0,1
BRDA:44,0,1,5
BRDA:53,1,0,2
BRDA:53,1,1,3
BRF:4
BRH:4
end_of_record
